TN:
SF:src/app.ts
FNF:0
FNH:0
DA:7,1
DA:8,1
DA:9,1
DA:11,1
DA:12,1
LF:5
LH:5
BRF:0
BRH:0
end_of_record
TN:
SF:src/database.ts
FNF:0
FNH:0
DA:3,1
DA:4,1
LF:2
LH:2
BRF:0
BRH:0
end_of_record
TN:
SF:src/controllers/recommendationController.ts
FN:6,insert
FN:17,upvote
FN:25,downvote
FN:33,random
FN:39,get
FN:44,getTop
FN:51,getById
FNF:7
FNH:6
FNDA:2,insert
FNDA:2,upvote
FNDA:3,downvote
FNDA:0,random
FNDA:1,get
FNDA:1,getTop
FNDA:2,getById
DA:7,2
DA:8,2
DA:9,0
DA:12,2
DA:14,1
DA:18,2
DA:20,2
DA:22,1
DA:26,3
DA:28,3
DA:30,2
DA:34,0
DA:36,0
DA:40,1
DA:41,1
DA:45,1
DA:47,1
DA:48,1
DA:52,2
DA:54,2
DA:55,1
DA:58,1
LF:22
LH:19
BRDA:8,0,0,0
BRF:1
BRH:0
end_of_record
TN:
SF:src/middlewares/errorHandlerMiddleware.ts
FN:8,errorHandlerMiddleware
FNF:1
FNH:1
FNDA:4,errorHandlerMiddleware
DA:14,4
DA:16,4
DA:17,4
DA:20,0
LF:4
LH:3
BRDA:16,0,0,4
BRF:1
BRH:1
end_of_record
TN:
SF:src/repositories/recommendationRepository.ts
FN:5,create
FN:16,findAll
FN:26,getAmountByScore
FN:33,getFindAllFilter
FN:45,find
FN:51,findByName
FN:57,updateScore
FN:66,remove
FNF:8
FNH:8
FNDA:1,create
FNDA:1,findAll
FNDA:1,getAmountByScore
FNDA:1,getFindAllFilter
FNDA:7,find
FNDA:2,findByName
FNDA:3,updateScore
FNDA:1,remove
DA:6,1
DA:17,1
DA:19,1
DA:27,1
DA:36,1
DA:38,0
DA:40,0
DA:46,7
DA:52,2
DA:58,3
DA:67,1
DA:72,1
LF:12
LH:10
BRDA:36,0,0,1
BRF:1
BRH:1
end_of_record
TN:
SF:src/routers/recommendationRouter.ts
FNF:0
FNH:0
DA:4,1
DA:6,1
DA:7,1
DA:8,1
DA:9,1
DA:10,1
DA:11,1
DA:12,1
LF:8
LH:8
BRF:0
BRH:0
end_of_record
TN:
SF:src/schemas/recommendationsSchemas.ts
FNF:0
FNH:0
DA:4,1
DA:6,1
LF:2
LH:2
BRF:0
BRH:0
end_of_record
TN:
SF:src/services/recommendationsService.ts
FN:7,insert
FN:17,upvote
FN:23,downvote
FN:36,getByIdOrFail
FN:43,get
FN:47,getTop
FN:51,getRandom
FN:64,getByScore
FN:77,getScoreFilter
FNF:9
FNH:6
FNDA:2,insert
FNDA:2,upvote
FNDA:3,downvote
FNDA:7,getByIdOrFail
FNDA:1,get
FNDA:1,getTop
FNDA:0,getRandom
FNDA:0,getByScore
FNDA:0,getScoreFilter
DA:8,2
DA:11,2
DA:12,1
DA:14,1
DA:18,2
DA:20,1
DA:24,3
DA:26,2
DA:31,2
DA:32,1
DA:37,7
DA:38,7
DA:40,4
DA:44,1
DA:48,1
DA:52,0
DA:53,0
DA:55,0
DA:56,0
DA:57,0
DA:60,0
DA:61,0
DA:65,0
DA:70,0
DA:71,0
DA:74,0
DA:78,0
DA:79,0
DA:82,0
DA:85,1
LF:30
LH:16
BRDA:11,0,0,1
BRDA:31,1,0,1
BRDA:38,2,0,3
BRDA:56,3,0,0
BRDA:70,4,0,0
BRDA:78,5,0,0
BRF:6
BRH:3
end_of_record
TN:
SF:src/utils/errorUtils.ts
FN:7,isAppError
FN:11,errorTypeToStatusCode
FN:19,conflictError
FN:23,notFoundError
FN:27,unauthorizedError
FN:31,wrongSchemaError
FNF:6
FNH:4
FNDA:4,isAppError
FNDA:4,errorTypeToStatusCode
FNDA:1,conflictError
FNDA:3,notFoundError
FNDA:0,unauthorizedError
FNDA:0,wrongSchemaError
DA:8,4
DA:12,4
DA:13,3
DA:14,0
DA:15,0
DA:16,0
DA:20,1
DA:24,3
DA:28,0
DA:32,0
LF:10
LH:5
BRDA:12,0,0,1
BRDA:13,1,0,3
BRDA:14,2,0,0
BRDA:15,3,0,0
BRDA:20,4,0,1
BRDA:20,4,1,0
BRDA:20,5,0,1
BRDA:20,5,1,1
BRDA:24,6,0,0
BRDA:24,6,1,3
BRDA:24,7,0,3
BRDA:24,7,1,3
BRDA:28,8,0,0
BRDA:28,8,1,0
BRDA:28,9,0,0
BRDA:28,9,1,0
BRDA:32,10,0,0
BRDA:32,10,1,0
BRDA:32,11,0,0
BRDA:32,11,1,0
BRF:20
BRH:8
end_of_record
TN:
SF:tests/factories/recommendationFactory.ts
FN:4,generateRecommendation
FN:13,createRecommendation
FNF:2
FNH:2
FNDA:38,generateRecommendation
FNDA:37,createRecommendation
DA:5,38
DA:9,38
DA:14,37
DA:15,37
LF:4
LH:4
BRF:0
BRH:0
end_of_record
TN:
SF:tests/factories/scenarioFactory.ts
FN:5,createScenarioOneRecommendationWithZeroViews
FN:12,createScenarioTwoRecommendationWithTenViews
FN:20,createScenarioThreeRecommendationWithMinusFiveViews
FN:28,createScenarioFourElevenRecommendationsWithRandomViews
FN:36,deleteAllData
FNF:5
FNH:5
FNDA:2,createScenarioOneRecommendationWithZeroViews
FNDA:1,createScenarioTwoRecommendationWithTenViews
FNDA:1,createScenarioThreeRecommendationWithMinusFiveViews
FNDA:3,createScenarioFourElevenRecommendationsWithRandomViews
FNDA:11,deleteAllData
DA:6,2
DA:7,2
DA:9,2
DA:13,1
DA:14,1
DA:15,1
DA:17,1
DA:21,1
DA:22,1
DA:23,1
DA:25,1
DA:29,3
DA:30,33
DA:31,33
DA:32,33
DA:37,11
LF:16
LH:16
BRF:0
BRH:0
end_of_record
